ticker=AAPL, shift=21, model=ols, performance=0.6233302459998971
ticker=AAPL, shift=21, model=ridge, performance=0.6182922022550934
ticker=AAPL, shift=21, model=huber, performance=0.6191687076162293
ticker=AAPL, shift=21, model=knn, performance=0.22871112595852028
ticker=AAPL, shift=21, model=lstm, performance=-40.77630545731558
ticker=AAPL, shift=21, model=arima, performance=-4.089087694639196
ticker=AAPL, shift=15, model=ols, performance=0.7698709938861567
ticker=AAPL, shift=15, model=ridge, performance=0.7670579922733477
ticker=AAPL, shift=15, model=huber, performance=0.7645175251238585
ticker=AAPL, shift=15, model=knn, performance=0.2819900976939086
ticker=AAPL, shift=15, model=lstm, performance=-40.08103198869136
ticker=AAPL, shift=15, model=arima, performance=-4.0681043459917845
ticker=AAPL, shift=5, model=ols, performance=0.9389802266318549
ticker=AAPL, shift=5, model=ridge, performance=0.9380509514491371
ticker=AAPL, shift=5, model=huber, performance=0.9387939161713305
ticker=AAPL, shift=5, model=knn, performance=0.3579360686053167
ticker=AAPL, shift=5, model=lstm, performance=-31.84489027772056
ticker=AAPL, shift=5, model=arima, performance=-4.061218290236729
ticker=AAPL, shift=1, model=ols, performance=0.9886454570828791
ticker=AAPL, shift=1, model=ridge, performance=0.9884810750779622
ticker=AAPL, shift=1, model=huber, performance=0.9886969615194169
ticker=AAPL, shift=1, model=knn, performance=0.5203497508704373
ticker=AAPL, shift=1, model=lstm, performance=-17.04205899346205
ticker=AAPL, shift=1, model=arima, performance=-4.072332362098572
ticker=AIR, shift=21, model=ols, performance=0.6385526335186047
ticker=AIR, shift=21, model=ridge, performance=0.6461593662367955
ticker=AIR, shift=21, model=huber, performance=0.6485406991782043
ticker=AIR, shift=21, model=knn, performance=-1.3802633333118703
ticker=AIR, shift=21, model=lstm, performance=-2.7057045346184863
ticker=AIR, shift=21, model=arima, performance=-5.281087538109491
ticker=AIR, shift=15, model=ols, performance=0.7534009832570627
ticker=AIR, shift=15, model=ridge, performance=0.7518805298190203
ticker=AIR, shift=15, model=huber, performance=0.7491025028020601
ticker=AIR, shift=15, model=knn, performance=-1.098181248977101
ticker=AIR, shift=15, model=lstm, performance=-2.095483318706924
ticker=AIR, shift=15, model=arima, performance=-5.519872983103319
ticker=AIR, shift=5, model=ols, performance=0.9378146771005863
ticker=AIR, shift=5, model=ridge, performance=0.9366054329492088
ticker=AIR, shift=5, model=huber, performance=0.9394080631874032
ticker=AIR, shift=5, model=knn, performance=0.35912161434058165
ticker=AIR, shift=5, model=lstm, performance=-0.9716860347684266
ticker=AIR, shift=5, model=arima, performance=-109.08921192994367
ticker=AIR, shift=1, model=ols, performance=0.9895960463828426
ticker=AIR, shift=1, model=ridge, performance=0.9895577097362637
ticker=AIR, shift=1, model=huber, performance=0.9897235619531181
ticker=AIR, shift=1, model=knn, performance=0.6736214725971978
ticker=AIR, shift=1, model=lstm, performance=-0.4375514386665986
ticker=AIR, shift=1, model=arima, performance=-5.498071366976909
ticker=BA, shift=21, model=ols, performance=0.6986496365628332
ticker=BA, shift=21, model=ridge, performance=0.6785737785246604
ticker=BA, shift=21, model=huber, performance=0.6968161579530636
ticker=BA, shift=21, model=knn, performance=-3.650327473678141
ticker=BA, shift=21, model=lstm, performance=-4059.966540197873
ticker=BA, shift=21, model=arima, performance=-3.3305251143785117
ticker=BA, shift=15, model=ols, performance=0.8123411285038564
ticker=BA, shift=15, model=ridge, performance=0.8016166137722431
ticker=BA, shift=15, model=huber, performance=0.8149696663904498
ticker=BA, shift=15, model=knn, performance=-1.8076086570784518
ticker=BA, shift=15, model=lstm, performance=-6388.655467175252
ticker=BA, shift=15, model=arima, performance=-3.088623102472585
ticker=BA, shift=5, model=ols, performance=0.9465977196792561
ticker=BA, shift=5, model=ridge, performance=0.9461310013868899
ticker=BA, shift=5, model=huber, performance=0.947005115540801
ticker=BA, shift=5, model=knn, performance=-1.2263601034892426
ticker=BA, shift=5, model=lstm, performance=-4843.844710003829
ticker=BA, shift=5, model=arima, performance=-2.3642888230107526
ticker=BA, shift=1, model=ols, performance=0.990690197567949
ticker=BA, shift=1, model=ridge, performance=0.9905572142405149
ticker=BA, shift=1, model=huber, performance=0.9906741331482408
ticker=BA, shift=1, model=knn, performance=-0.7140899332621478
ticker=BA, shift=1, model=lstm, performance=-2057.8907507008043
ticker=BA, shift=1, model=arima, performance=-2.1051733326997235
ticker=FDX, shift=21, model=ols, performance=0.6432519457208332
ticker=FDX, shift=21, model=ridge, performance=0.5885212015135789
ticker=FDX, shift=21, model=huber, performance=0.6445297384936626
ticker=FDX, shift=21, model=knn, performance=-0.48856602965778606
ticker=FDX, shift=21, model=lstm, performance=-11.212950342942204
ticker=FDX, shift=21, model=arima, performance=-3.7567307982549423
ticker=FDX, shift=15, model=ols, performance=0.7543823112141431
ticker=FDX, shift=15, model=ridge, performance=0.751840557168275
ticker=FDX, shift=15, model=huber, performance=0.7526479722366662
ticker=FDX, shift=15, model=knn, performance=-0.13855971241494136
ticker=FDX, shift=15, model=lstm, performance=-12.846498071231892
ticker=FDX, shift=15, model=arima, performance=-2.518038390847881
ticker=FDX, shift=5, model=ols, performance=0.9179924518368041
ticker=FDX, shift=5, model=ridge, performance=0.9173274498090189
ticker=FDX, shift=5, model=huber, performance=0.9180901612145185
ticker=FDX, shift=5, model=knn, performance=0.19575174504524728
ticker=FDX, shift=5, model=lstm, performance=-24.506990162201074
ticker=FDX, shift=5, model=arima, performance=-5.992510053980449
ticker=FDX, shift=1, model=ols, performance=0.9849915726438415
ticker=FDX, shift=1, model=ridge, performance=0.9847102623372546
ticker=FDX, shift=1, model=huber, performance=0.9850318480961685
ticker=FDX, shift=1, model=knn, performance=0.39921016420482625
ticker=FDX, shift=1, model=lstm, performance=-14.241475354192035
ticker=FDX, shift=1, model=arima, performance=-2.5886201489244636
ticker=IBM, shift=21, model=ols, performance=0.6607570259671355
ticker=IBM, shift=21, model=ridge, performance=0.650841720344825
ticker=IBM, shift=21, model=huber, performance=0.6689948721184443
ticker=IBM, shift=21, model=knn, performance=0.07074880756155677
ticker=IBM, shift=21, model=lstm, performance=-0.18583425189233616
ticker=IBM, shift=21, model=arima, performance=-7.597303649685211
ticker=IBM, shift=15, model=ols, performance=0.7732026621285246
ticker=IBM, shift=15, model=ridge, performance=0.766631011399692
ticker=IBM, shift=15, model=huber, performance=0.7737654306669075
ticker=IBM, shift=15, model=knn, performance=0.27714770981632075
ticker=IBM, shift=15, model=lstm, performance=0.25059881855800636
ticker=IBM, shift=15, model=arima, performance=-25.940211511877315
ticker=IBM, shift=5, model=ols, performance=0.9289758654392022
ticker=IBM, shift=5, model=ridge, performance=0.9287125926233997
ticker=IBM, shift=5, model=huber, performance=0.9277953955833322
ticker=IBM, shift=5, model=knn, performance=0.6545753701208326
ticker=IBM, shift=5, model=lstm, performance=0.6591727043965496
ticker=IBM, shift=5, model=arima, performance=-235.08013562647952
ticker=IBM, shift=1, model=ols, performance=0.9859994527968331
ticker=IBM, shift=1, model=ridge, performance=0.9859071927998786
ticker=IBM, shift=1, model=huber, performance=0.9858223850531062
ticker=IBM, shift=1, model=knn, performance=0.8640230679631872
ticker=IBM, shift=1, model=lstm, performance=0.7603779469980662
ticker=IBM, shift=1, model=arima, performance=-273.1293710944557
ticker=MSFT, shift=21, model=ols, performance=0.7957049942837102
ticker=MSFT, shift=21, model=ridge, performance=0.7977630426741288
ticker=MSFT, shift=21, model=huber, performance=0.8192045635227746
ticker=MSFT, shift=21, model=knn, performance=-136.1821157613418
ticker=MSFT, shift=21, model=lstm, performance=-2253.248116747823
ticker=MSFT, shift=21, model=arima, performance=-16.750198512253387
ticker=MSFT, shift=15, model=ols, performance=0.8586234818491402
ticker=MSFT, shift=15, model=ridge, performance=0.8569158349953546
ticker=MSFT, shift=15, model=huber, performance=0.8676881255386407
ticker=MSFT, shift=15, model=knn, performance=-107.6199547097011
ticker=MSFT, shift=15, model=lstm, performance=-1752.8686303614718
ticker=MSFT, shift=15, model=arima, performance=-5.265216342141188
ticker=MSFT, shift=5, model=ols, performance=0.9536349693468891
ticker=MSFT, shift=5, model=ridge, performance=0.9529942038488083
ticker=MSFT, shift=5, model=huber, performance=0.9561609822689727
ticker=MSFT, shift=5, model=knn, performance=-58.38896062659219
ticker=MSFT, shift=5, model=lstm, performance=-4911.896124316867
ticker=MSFT, shift=5, model=arima, performance=0.7637800929557693
ticker=MSFT, shift=1, model=ols, performance=0.9914825012022727
ticker=MSFT, shift=1, model=ridge, performance=0.99129398469476
ticker=MSFT, shift=1, model=huber, performance=0.9914489884174045
ticker=MSFT, shift=1, model=knn, performance=-33.52307127171724
ticker=MSFT, shift=1, model=lstm, performance=-4368.620663272682
ticker=MSFT, shift=1, model=arima, performance=0.6251125286670685
ticker=T, shift=21, model=ols, performance=0.8078207673213686
ticker=T, shift=21, model=ridge, performance=0.801535778345498
ticker=T, shift=21, model=huber, performance=0.8135639328407972
ticker=T, shift=21, model=knn, performance=-482.00432789139364
ticker=T, shift=21, model=lstm, performance=-19511.622690134973
ticker=T, shift=21, model=arima, performance=-387.868992328513
ticker=T, shift=15, model=ols, performance=0.8804777741022561
ticker=T, shift=15, model=ridge, performance=0.8796026582273639
ticker=T, shift=15, model=huber, performance=0.8821805265032878
ticker=T, shift=15, model=knn, performance=-397.14067513689486
ticker=T, shift=15, model=lstm, performance=-15681.834075807295
ticker=T, shift=15, model=arima, performance=-4330.847734663128
ticker=T, shift=5, model=ols, performance=0.9643297881507008
ticker=T, shift=5, model=ridge, performance=0.96379632702045
ticker=T, shift=5, model=huber, performance=0.9654728458688764
ticker=T, shift=5, model=knn, performance=-175.32603302026598
ticker=T, shift=5, model=lstm, performance=-32127.99190731452
ticker=T, shift=5, model=arima, performance=-128.12392731905854
ticker=T, shift=1, model=ols, performance=0.9932134739259971
ticker=T, shift=1, model=ridge, performance=0.9930227354699015
ticker=T, shift=1, model=huber, performance=0.9933924841773526
ticker=T, shift=1, model=knn, performance=-118.88413381337968
ticker=T, shift=1, model=lstm, performance=-81107.19099683766
ticker=T, shift=1, model=arima, performance=-8.151110823891958
